<?xml version="1.0" encoding="UTF-8" ?>

<!-- Auteurs français du XIXe siècle -->

<auteurs>
  <auteur Nom="Hugo" Prénom="Victor"
    Naissance="26/02/1802 Besançon" Décès="22/05/1885 Paris" />
  <auteur Nom="Baudelaire" Prénom="Charles"
    Naissance="09/04/1821 Paris" Décès="31/08/1867 Paris" />
  <auteur Nom="Rimbaud" Prénom="Arthur"
    Naissance="20/10/1854 Charleville" Décès="10/11/1891 Marseille" />
</auteurs>
